
Starting:    C:\Microsemi\Libero_SoC_v11.8\SynplifyPro\bin64\mbin\synbatch.exe
Install:     C:\Microsemi\Libero_SoC_v11.8\SynplifyPro
Hostname:    WIN-20J06I78429
Date:        Thu Sep 28 13:31:34 2017
Version:     L-2016.09M-2

Arguments:   -product synplify_pro -licensetype synplifypro_actel -batch -log synplify.log top_syn.tcl
ProductType: synplify_pro

License checkout: synplifypro_actel
License: synplifypro_actel node-locked 
Licensed Vendor: actel
License Option: actel_oem

Running in Vendor Mode


auto_infer_blackbox is not supported in current product.

log file: "\\vmware-host\Shared Folders\Desktop\FreeRider\backscattering_bluetooth\FPGA_code\synthesis\top.srr"

Running: synthesis in foreground



Running top_syn|synthesis


Running: compile (Compile) on top_syn|synthesis
# Thu Sep 28 13:31:35 2017


Running: compile_flow (Compile Process) on top_syn|synthesis
# Thu Sep 28 13:31:35 2017


Running: compiler (Compile Input) on top_syn|synthesis
# Thu Sep 28 13:31:35 2017

Copied \\vmware-host\Shared Folders\Desktop\FreeRider\backscattering_bluetooth\FPGA_code\synthesis\synwork\top_comp.srs to \\vmware-host\Shared Folders\Desktop\FreeRider\backscattering_bluetooth\FPGA_code\synthesis\top.srs


compiler completed
# Thu Sep 28 13:31:38 2017

Return Code: 0
Run Time:00h:00m:03s


Running: multi_srs_gen (Multi-srs Generator) on top_syn|synthesis
# Thu Sep 28 13:31:38 2017


multi_srs_gen completed
# Thu Sep 28 13:31:39 2017

Return Code: 0
Run Time:00h:00m:01s

Copied \\vmware-host\Shared Folders\Desktop\FreeRider\backscattering_bluetooth\FPGA_code\synthesis\synwork\top_mult.srs to \\vmware-host\Shared Folders\Desktop\FreeRider\backscattering_bluetooth\FPGA_code\synthesis\top.srs

Complete: Compile Process on top_syn|synthesis


Running: premap (Pre-mapping) on top_syn|synthesis
# Thu Sep 28 13:31:39 2017


premap completed with warnings
# Thu Sep 28 13:31:42 2017

Return Code: 1
Run Time:00h:00m:03s

Complete: Compile on top_syn|synthesis


Running: map (Map) on top_syn|synthesis
# Thu Sep 28 13:31:42 2017

License granted for 4 parallel jobs


Running: fpga_mapper (Map & Optimize) on top_syn|synthesis
# Thu Sep 28 13:31:42 2017

Copied \\vmware-host\Shared Folders\Desktop\FreeRider\backscattering_bluetooth\FPGA_code\synthesis\synwork\top_m.srm to \\vmware-host\Shared Folders\Desktop\FreeRider\backscattering_bluetooth\FPGA_code\synthesis\top.srm


fpga_mapper completed with warnings
# Thu Sep 28 13:31:46 2017

Return Code: 1
Run Time:00h:00m:04s

Complete: Map on top_syn|synthesis

Complete: Logic Synthesis on top_syn|synthesis

TCL script complete: "top_syn.tcl"

exit status=0

exit status=0

License checkin: synplifypro_actel

