Microsemi Libero Software
Version: 11.8.0.26
Release: v11.8

Info: The design top.adb was last modified by software version 11.8.0.26.
Opened an existing Libero design top.adb.
'BA_NAME' set to 'top_ba'
'IDE_DESIGNERVIEW_NAME' set to 'Impl1'
'IDE_DESIGNERVIEW_COUNT' set to '1'
'IDE_DESIGNERVIEW_REV0' set to 'Impl1'
'IDE_DESIGNERVIEW_REVNUM0' set to '1'
'IDE_DESIGNERVIEW_ROOTDIR' set to '\\vmware-host\Shared
Folders\Desktop\FreeRider\ofdm_backscatter\designer'
'IDE_DESIGNERVIEW_LASTREV' set to '1'

 Netlist Reading Time = 0.0 seconds
Imported the file:
   \\vmware-host\Shared Folders\Desktop\FreeRider\ofdm_backscatter\synthesis\top.edn

The Import command succeeded ( 00:00:02 )
=====================================================================
Parameters used to run compile:
===============================

Family      : IGLOO
Device      : AGLN250V2
Package     : 100 VQFP
Source      : \\vmware-host\Shared Folders\Desktop\FreeRider\ofdm_backscatter\synthesis\top.edn
Format      : EDIF
Topcell     : top
Speed grade : STD
Temp        : 0:25:70
Voltage     : 1.26:1.20:1.14

Keep Existing Physical Constraints : Yes
Keep Existing Timing Constraints   : Yes

pdc_abort_on_error                 : Yes
pdc_eco_display_unmatched_objects  : No
pdc_eco_max_warnings               : 10000

demote_globals                     : No
promote_globals                    : No
localclock_max_shared_instances    : 12
localclock_buffer_tree_max_fanout  : 12

combine_register                   : No
delete_buffer_tree                 : No

report_high_fanout_nets_limit      : 10

=====================================================================
Compile starts ...

Warning: CMP201: Net pll_core_0/Core_GLB drives no load.
Warning: CMP201: Net pll_core_0/Core_GLC drives no load.
Warning: CMP201: Net pll_core_0/LOCK drives no load.
Warning: CMP201: Net pll_core_0/Core_YB drives no load.
Warning: CMP201: Net pll_core_0/Core_YC drives no load.

Netlist Optimization Report
===========================

Optimized macros:
  - Dangling net drivers:   0
  - Buffers:                1
  - Inverters:              0
  - Tieoff:                 0
  - Logic combining:        10

    Total macros optimized  11

There were 0 error(s) and 5 warning(s) in this design.
=====================================================================

Reading previous post-compile physical placement constraints.


There were 0 error(s) and 0 warning(s).

=====================================================================
Compile report:
===============

    CORE                       Used:    199  Total:   6144   (3.24%)
    IO (W/ clocks)             Used:      5  Total:     68   (7.35%)
    GLOBAL (Chip+Quadrant)     Used:      3  Total:     18   (16.67%)
    PLL                        Used:      1  Total:      1   (100.00%)
    RAM/FIFO                   Used:      0  Total:      8   (0.00%)
    Low Static ICC             Used:      0  Total:      1   (0.00%)
    FlashROM                   Used:      0  Total:      1   (0.00%)
    User JTAG                  Used:      0  Total:      1   (0.00%)

Global Information:

    Type            | Used   | Total
    ----------------|--------|--------------
    Chip global     | 3      | 6  (50.00%)*
    Quadrant global | 0      | 12 (0.00%)

    (*) Chip globals may be assigned to Quadrant globals using the Multi-View Navigator (MVN)
        or Physical Design Constraints (PDC).
        They may also be assigned to Quadrant globals automatically during Layout.

Core Information:

    Type    | Instances    | Core tiles
    --------|--------------|-----------
    COMB    | 141          | 141
    SEQ     | 58           | 58

I/O Function:

    Type                                  | w/o register  | w/ register  | w/ DDR register
    --------------------------------------|---------------|--------------|----------------
    Input I/O                             | 3             | 0            | 0
    Output I/O                            | 2             | 0            | 0
    Bidirectional I/O                     | 0             | 0            | 0
    Differential Input I/O Pairs          | 0             | 0            | 0
    Differential Output I/O Pairs         | 0             | 0            | 0

I/O Technology:

                                    |   Voltages    |             I/Os
    --------------------------------|-------|-------|-------|--------|--------------
    I/O Standard(s)                 | Vcci  | Vref  | Input | Output | Bidirectional
    --------------------------------|-------|-------|-------|--------|--------------
    LVCMOS12                        | 1.20v | N/A   | 3     | 2      | 0

I/O Placement:

    Locked  :   5 ( 100.00% )
    Placed  :   0
    UnPlaced:   0

Net information report:
=======================

The following nets have been assigned to a chip global resource:
    Fanout  Type          Name
    --------------------------
    58      SET/RESET_NET Net   : reset_c
                          Driver: reset_pad_RNIN9FD
                          Source: NETLIST
    52      CLK_NET       Net   : signal_into_switch_net_0
                          Driver: main_clock_0/clock_out_RNIG44
                          Source: NETLIST
    9       CLK_NET       Net   : GLA
                          Driver: pll_core_0/Core
                          Source: ESSENTIAL

High fanout nets in the post compile netlist:
    Fanout  Type          Name
    --------------------------
    18      INT_NET       Net   : modulator_0/clock_countere
                          Driver: modulator_0/counter_RNISQHA3[1]
    14      INT_NET       Net   : output_signal_0
                          Driver: modulator_0/output_signal_0
    14      INT_NET       Net   : modulator_0/counter_0_sqmuxa
                          Driver: modulator_0/counter_RNISQHA3[4]
    13      INT_NET       Net   : output_signal
                          Driver: modulator_0/output_signal
    12      INT_NET       Net   : trigger_signal_c
                          Driver: trigger_signal_pad
    9       INT_NET       Net   : data_source_0/N_29
                          Driver: data_source_0/counter_RNI383E3[1]
    6       INT_NET       Net   : main_clock_0/counter[3]
                          Driver: main_clock_0/counter[3]
    6       INT_NET       Net   : modulator_0/counter[0]
                          Driver: modulator_0/counter[0]
    5       INT_NET       Net   : main_clock_0/counter[1]
                          Driver: main_clock_0/counter[1]
    5       INT_NET       Net   : main_clock_0/counter[0]
                          Driver: main_clock_0/counter[0]

Nets that are candidates for clock assignment and the resulting fanout:
    Fanout  Type          Name
    --------------------------
    18      INT_NET       Net   : modulator_0/clock_countere
                          Driver: modulator_0/counter_RNISQHA3[1]
    14      INT_NET       Net   : output_signal_0
                          Driver: modulator_0/output_signal_0
    14      INT_NET       Net   : modulator_0/counter_0_sqmuxa
                          Driver: modulator_0/counter_RNISQHA3[4]
    13      INT_NET       Net   : output_signal
                          Driver: modulator_0/output_signal
    12      INT_NET       Net   : trigger_signal_c
                          Driver: trigger_signal_pad
    9       INT_NET       Net   : data_source_0/N_29
                          Driver: data_source_0/counter_RNI383E3[1]
    6       INT_NET       Net   : main_clock_0/counter[3]
                          Driver: main_clock_0/counter[3]
    6       INT_NET       Net   : modulator_0/counter[0]
                          Driver: modulator_0/counter[0]
    5       INT_NET       Net   : main_clock_0/counter[1]
                          Driver: main_clock_0/counter[1]
    5       INT_NET       Net   : main_clock_0/counter[0]
                          Driver: main_clock_0/counter[0]
====================
Flash*Freeze report:
====================

The design does not use the Flash*Freeze feature.

====================

The Compile command succeeded ( 00:00:01 )
Wrote status report to file: top_compile_report.txt

The Report command succeeded ( 00:00:00 )
Wrote pin report to file: top_report_pin_byname.txt

The Report command succeeded ( 00:00:00 )
Wrote pin report to file: top_report_pin_bynumber.txt

The Report command succeeded ( 00:00:01 )
Design saved to file \\vmware-host\Shared
Folders\Desktop\FreeRider\ofdm_backscatter\designer\impl1\top.adb.

The Execute Script command succeeded ( 00:00:06 )
Design closed.

