Target Part: AGLN250V2_VQFP100_STD
Report for cell top.verilog
  Core Cell usage:
              cell count     area count*area
              AND2     5      1.0        5.0
              AND3     6      1.0        6.0
               AO1     4      1.0        4.0
              AO1B     2      1.0        2.0
              AO1C     2      1.0        2.0
              AOI1     1      1.0        1.0
             AOI1B     1      1.0        1.0
              AX1C     4      1.0        4.0
            CLKINT     2      0.0        0.0
               GND     5      0.0        0.0
               INV     3      1.0        3.0
              NOR2     4      1.0        4.0
             NOR2A     5      1.0        5.0
             NOR2B    32      1.0       32.0
              NOR3     1      1.0        1.0
             NOR3A     6      1.0        6.0
             NOR3B     2      1.0        2.0
             NOR3C     5      1.0        5.0
               OA1     1      1.0        1.0
              OA1B     1      1.0        1.0
               OR2    11      1.0       11.0
              OR2A    11      1.0       11.0
              OR2B     1      1.0        1.0
               OR3     4      1.0        4.0
              OR3A     1      1.0        1.0
               PLL     1      0.0        0.0
            PLLINT     1      0.0        0.0
               VCC     5      0.0        0.0
               XA1    16      1.0       16.0
              XA1A     6      1.0        6.0
              XA1C     1      1.0        1.0
              XAI1     6      1.0        6.0
              XOR2     9      1.0        9.0


            DFN1C0    24      1.0       24.0
          DFN1E1C0    23      1.0       23.0
          DFN1E1P0     4      1.0        4.0
            DFN1P0     7      1.0        7.0
                   -----          ----------
             TOTAL   223               209.0


  IO Cell usage:
              cell count
             INBUF     3
            OUTBUF     2
                   -----
             TOTAL     5


Core Cells         : 209 of 6144 (3%)
IO Cells           : 5

  RAM/ROM Usage Summary
Block Rams : 0 of 8 (0%)

